time="2025-07-07T17:58:25+03:00" level=info msg="read application configuration" func="pastebin/internal/config.GetConfig.func1()" file="config.go:53"
time="2025-07-07T17:58:29+03:00" level=info msg="Server is running..." func="main.main()" file="main.go:76"
time="2025-07-07T17:58:32+03:00" level=info msg="User:0 successfully uploaded file" func="pastebin/internal/handler.(*Handler).CreatePastaHandler()" file="pasta.go:51"
time="2025-07-07T17:58:32+03:00" level=trace msg="func() CreatePastaHandler. Execution time: 0.10" func="pastebin/internal/handler.(*Handler).CreatePastaHandler.func1()" file="pasta.go:20"
time="2025-07-07T17:58:39+03:00" level=info msg="User:0 successfully uploaded file" func="pastebin/internal/handler.(*Handler).CreatePastaHandler()" file="pasta.go:51"
time="2025-07-07T17:58:39+03:00" level=trace msg="func() CreatePastaHandler. Execution time: 0.03" func="pastebin/internal/handler.(*Handler).CreatePastaHandler.func1()" file="pasta.go:20"
time="2025-07-07T17:58:41+03:00" level=info msg="User:0 successfully uploaded file" func="pastebin/internal/handler.(*Handler).CreatePastaHandler()" file="pasta.go:51"
time="2025-07-07T17:58:41+03:00" level=trace msg="func() CreatePastaHandler. Execution time: 0.03" func="pastebin/internal/handler.(*Handler).CreatePastaHandler.func1()" file="pasta.go:20"
time="2025-07-07T17:58:43+03:00" level=info msg="User:0 successfully uploaded file" func="pastebin/internal/handler.(*Handler).CreatePastaHandler()" file="pasta.go:51"
time="2025-07-07T17:58:43+03:00" level=trace msg="func() CreatePastaHandler. Execution time: 0.03" func="pastebin/internal/handler.(*Handler).CreatePastaHandler.func1()" file="pasta.go:20"
time="2025-07-07T17:58:44+03:00" level=info msg="User:0 successfully uploaded file" func="pastebin/internal/handler.(*Handler).CreatePastaHandler()" file="pasta.go:51"
time="2025-07-07T17:58:44+03:00" level=trace msg="func() CreatePastaHandler. Execution time: 0.02" func="pastebin/internal/handler.(*Handler).CreatePastaHandler.func1()" file="pasta.go:20"
time="2025-07-07T17:58:46+03:00" level=info msg="User:0 successfully uploaded file" func="pastebin/internal/handler.(*Handler).CreatePastaHandler()" file="pasta.go:51"
time="2025-07-07T17:58:46+03:00" level=trace msg="func() CreatePastaHandler. Execution time: 0.04" func="pastebin/internal/handler.(*Handler).CreatePastaHandler.func1()" file="pasta.go:20"
time="2025-07-07T17:58:48+03:00" level=info msg="User:0 successfully uploaded file" func="pastebin/internal/handler.(*Handler).CreatePastaHandler()" file="pasta.go:51"
time="2025-07-07T17:58:48+03:00" level=trace msg="func() CreatePastaHandler. Execution time: 0.12" func="pastebin/internal/handler.(*Handler).CreatePastaHandler.func1()" file="pasta.go:20"
time="2025-07-07T17:58:51+03:00" level=info msg="User:0 successfully uploaded file" func="pastebin/internal/handler.(*Handler).CreatePastaHandler()" file="pasta.go:51"
time="2025-07-07T17:58:51+03:00" level=trace msg="func() CreatePastaHandler. Execution time: 0.02" func="pastebin/internal/handler.(*Handler).CreatePastaHandler.func1()" file="pasta.go:20"
time="2025-07-07T17:59:47+03:00" level=trace msg="func() PaginatePublicHandler. Execution time: 0.00" func="pastebin/internal/handler.(*Handler).PaginatePublicHandler.func1()" file="pasta.go:189"
time="2025-07-07T17:59:55+03:00" level=trace msg="func() PaginatePublicHandler. Execution time: 0.00" func="pastebin/internal/handler.(*Handler).PaginatePublicHandler.func1()" file="pasta.go:189"
time="2025-07-07T18:00:01+03:00" level=info msg="Server is shutting down..." func="main.main()" file="main.go:82"
