time="2025-07-09T14:03:29+03:00" level=info msg="read application configuration" func="pastebin/internal/config.GetConfig.func1()" file="config.go:58"
time="2025-07-09T14:03:29+03:00" level=info func="pastebin/internal/config.GetConfig.func1()" file="config.go:62"
time="2025-07-09T14:03:29+03:00" level=fatal msg="open config.yml: no such file or directory" func="pastebin/internal/config.GetConfig.func1()" file="config.go:63"
time="2025-07-09T14:05:40+03:00" level=fatal msg="failed to initialize postgres: failed to open database: sql: unknown driver \"postgres\" (forgotten import?)" func="main.main()" file="main.go:30"
time="2025-07-09T14:06:58+03:00" level=error msg="error getting epired pastas: pq: column \"expired_at\" does not exist" func="main.main()" file="main.go:59"
time="2025-07-09T14:07:13+03:00" level=error msg="error getting epired pastas: pq: column \"expired_at\" does not exist" func="main.main()" file="main.go:59"
time="2025-07-09T14:07:27+03:00" level=error msg="error getting epired pastas: pq: column \"expired_at\" does not exist" func="main.main()" file="main.go:59"
time="2025-07-09T14:07:38+03:00" level=info msg="shutting down worker..." func="main.main.func1()" file="main.go:50"
time="2025-07-09T14:07:38+03:00" level=info msg="context cancelled, exiting worker loop" func="main.main()" file="main.go:79"
time="2025-07-09T14:08:42+03:00" level=error msg="error getting epired pastas: sql: Scan error on column index 0, name \"object_id\": unsupported Scan, storing driver.Value type string into type *[]string" func="main.main()" file="main.go:59"
time="2025-07-09T14:08:56+03:00" level=error msg="error getting epired pastas: sql: Scan error on column index 0, name \"object_id\": unsupported Scan, storing driver.Value type string into type *[]string" func="main.main()" file="main.go:59"
time="2025-07-09T14:08:58+03:00" level=info msg="shutting down worker..." func="main.main.func1()" file="main.go:50"
time="2025-07-09T14:08:58+03:00" level=info msg="context cancelled, exiting worker loop" func="main.main()" file="main.go:79"
time="2025-07-09T14:09:37+03:00" level=info msg="sent kafka event for 51 expired pastas" func="main.main()" file="main.go:75"
time="2025-07-09T14:09:37+03:00" level=info msg="Producer send 51 pastas for delete" func="main.main()" file="main.go:77"
time="2025-07-09T14:09:51+03:00" level=info msg="sent kafka event for 51 expired pastas" func="main.main()" file="main.go:75"
time="2025-07-09T14:09:51+03:00" level=info msg="Producer send 51 pastas for delete" func="main.main()" file="main.go:77"
time="2025-07-09T14:09:59+03:00" level=info msg="shutting down worker..." func="main.main.func1()" file="main.go:50"
time="2025-07-09T14:09:59+03:00" level=info msg="context cancelled, exiting worker loop" func="main.main()" file="main.go:79"
time="2025-07-09T14:11:13+03:00" level=info msg="sent kafka event for 51 expired pastas" func="main.main()" file="main.go:75"
time="2025-07-09T14:11:13+03:00" level=info msg="Producer send 51 pastas for delete" func="main.main()" file="main.go:77"
time="2025-07-09T14:11:18+03:00" level=info msg="shutting down worker..." func="main.main.func1()" file="main.go:50"
time="2025-07-09T14:11:18+03:00" level=info msg="context cancelled, exiting worker loop" func="main.main()" file="main.go:79"
time="2025-07-09T14:14:21+03:00" level=info msg="sent kafka event for 51 expired pastas" func="main.main()" file="main.go:75"
time="2025-07-09T14:14:21+03:00" level=info msg="Producer send 51 pastas for delete" func="main.main()" file="main.go:77"
time="2025-07-09T14:20:28+03:00" level=info msg="Producer was created" func="main.main()" file="main.go:42"
time="2025-07-09T14:20:28+03:00" level=info msg="Cleaner worker is running..." func="main.main()" file="main.go:55"
time="2025-07-09T14:21:53+03:00" level=info msg="sent kafka event for 1 expired pastas" func="main.main()" file="main.go:82"
time="2025-07-09T14:21:53+03:00" level=info msg="Producer send 1 pastas for delete" func="main.main()" file="main.go:84"
time="2025-07-09T14:30:44+03:00" level=info msg="shutting down worker..." func="main.main.func1()" file="main.go:51"
time="2025-07-09T14:30:44+03:00" level=info msg="context cancelled, exiting worker loop" func="main.main()" file="main.go:86"
time="2025-07-09T14:31:20+03:00" level=info msg="Producer was created" func="main.main()" file="main.go:42"
time="2025-07-09T14:31:20+03:00" level=info msg="Cleaner worker is running..." func="main.main()" file="main.go:55"
time="2025-07-09T14:31:59+03:00" level=info msg="Producer send 3 pastas for delete" func="main.main()" file="main.go:82"
time="2025-07-09T14:32:37+03:00" level=info msg="Producer send 10 pastas for delete" func="main.main()" file="main.go:82"
time="2025-07-09T14:32:40+03:00" level=info msg="shutting down worker..." func="main.main.func1()" file="main.go:51"
time="2025-07-09T14:32:40+03:00" level=info msg="context cancelled, exiting worker loop" func="main.main()" file="main.go:85"
